<?xml version="1.0" encoding="UTF-8"?>
<!-- Generated by org.testng.reporters.JUnitXMLReporter -->
<testsuite ignored="0" hostname="DESKTOP-R4J9CF0" failures="1" tests="3" name="Test" time="55.857" errors="0" timestamp="23 Feb 2023 17:23:20 GMT">
  <testcase classname="testscripts.TakeAllPhonesAndAddItToTheExcel" name="addToExcel" time="6.147"/>
  <testcase classname="testscripts.BuyTheProduct" name="makePayment" time="5.005"/>
  <testcase classname="testscripts.AddProductToTheCart" name="addProductToTheCart" time="13.674">
    <failure type="java.lang.AssertionError" message="expected [true] but found [false]">
      <![CDATA[java.lang.AssertionError: expected [true] but found [false]
at testscripts.AddProductToTheCart.addProductToTheCart(AddProductToTheCart.java:25)
... Removed 29 stack frames]]>
    </failure>
  </testcase> <!-- addProductToTheCart -->
</testsuite> <!-- Test -->
