<?xml version="1.0" encoding="UTF-8"?>
<testng-results ignored="0" total="1" passed="0" failed="1" skipped="0">
  <reporter-output>
  </reporter-output>
  <suite started-at="2023-02-23T06:00:26Z" name="Default suite" finished-at="2023-02-23T06:00:47Z" duration-ms="21659">
    <groups>
    </groups>
    <test started-at="2023-02-23T06:00:26Z" name="Default test" finished-at="2023-02-23T06:00:47Z" duration-ms="21659">
      <class name="testscripts.Fetchtheallmobilesandprint">
        <test-method is-config="true" signature="classsetup()[pri:0, instance:testscripts.Fetchtheallmobilesandprint@14bee915]" started-at="2023-02-23T06:00:26Z" name="classsetup" finished-at="2023-02-23T06:00:43Z" duration-ms="17381" status="PASS">
          <reporter-output>
          </reporter-output>
        </test-method> <!-- classsetup -->
        <test-method signature="AddProductToTheCart()[pri:0, instance:testscripts.Fetchtheallmobilesandprint@14bee915]" started-at="2023-02-23T06:00:43Z" name="AddProductToTheCart" finished-at="2023-02-23T06:00:47Z" duration-ms="4201" status="FAIL">
          <exception class="org.openqa.selenium.ElementClickInterceptedException">
            <message>
              <![CDATA[element click intercepted: Element <a class="s1Q9rs" title="..." target="_blank" rel="noopener noreferrer" href="/mi-3i-10000-mah-power-bank-fast-charging-18w/p/itm360e844519a06?pid=PWBFVGXXCWYHFQZQ&amp;lid=LSTPWBFVGXXCWYHFQZQQ0IRUE&amp;marketplace=FLIPKART&amp;store=tyy%2F4mr%2Ffu6&amp;srno=b_1_3&amp;otracker=browse&amp;otracker1=hp_rich_navigation_PINNED_neo%2Fmerchandising_NA_NAV_EXPANDABLE_navigationCard_cc_10_L1_view-all&amp;fm=organic&amp;iid=5059f884-8d6d-45d3-a900-09aa5b72bab7.PWBFVGXXCWYHFQZQ.SEARCH&amp;ppt=browse&amp;ppn=browse&amp;ssid=yttpiyyus00000001677132044867">Mi 3i 10000 mAh Power Bank (Fast Charging, 18W)</a> is not clickable at point (1052, 598). Other element would receive the click: <img loading="eager" class="_396cs4" alt="Mi 3i 10000 mAh Power Bank (Fast Charging, 18W)" src="https://rukminim1.flixcart.com/image/612/612/kfcv6vk0/power-bank/q/z/q/power-bank-10000-plm13zm-mi-original-imafvtreeefx5thb.jpeg?q=70">
  (Session info: chrome=110.0.5481.104)
Build info: version: '3.141.59', revision: 'e82be7d358', time: '2018-11-14T08:17:03'
System info: host: 'DESKTOP-R4J9CF0', ip: '192.168.78.64', os.name: 'Windows 10', os.arch: 'amd64', os.version: '10.0', java.version: '16.0.1'
Driver info: org.openqa.selenium.chrome.ChromeDriver
Capabilities {acceptInsecureCerts: false, browserName: chrome, browserVersion: 110.0.5481.104, chrome: {chromedriverVersion: 110.0.5481.77 (65ed616c6e8e..., userDataDir: C:\Users\91958\AppData\Loca...}, goog:chromeOptions: {debuggerAddress: localhost:54701}, javascriptEnabled: true, networkConnectionEnabled: false, pageLoadStrategy: normal, platform: WINDOWS, platformName: WINDOWS, proxy: Proxy(), setWindowRect: true, strictFileInteractability: false, timeouts: {implicit: 0, pageLoad: 300000, script: 30000}, unhandledPromptBehavior: dismiss and notify, webauthn:extension:credBlob: true, webauthn:extension:largeBlob: true, webauthn:virtualAuthenticators: true}
Session ID: 2e389fafdc8ec8d163552e407650decc]]>
            </message>
            <full-stacktrace>
              <![CDATA[org.openqa.selenium.ElementClickInterceptedException: element click intercepted: Element <a class="s1Q9rs" title="..." target="_blank" rel="noopener noreferrer" href="/mi-3i-10000-mah-power-bank-fast-charging-18w/p/itm360e844519a06?pid=PWBFVGXXCWYHFQZQ&amp;lid=LSTPWBFVGXXCWYHFQZQQ0IRUE&amp;marketplace=FLIPKART&amp;store=tyy%2F4mr%2Ffu6&amp;srno=b_1_3&amp;otracker=browse&amp;otracker1=hp_rich_navigation_PINNED_neo%2Fmerchandising_NA_NAV_EXPANDABLE_navigationCard_cc_10_L1_view-all&amp;fm=organic&amp;iid=5059f884-8d6d-45d3-a900-09aa5b72bab7.PWBFVGXXCWYHFQZQ.SEARCH&amp;ppt=browse&amp;ppn=browse&amp;ssid=yttpiyyus00000001677132044867">Mi 3i 10000 mAh Power Bank (Fast Charging, 18W)</a> is not clickable at point (1052, 598). Other element would receive the click: <img loading="eager" class="_396cs4" alt="Mi 3i 10000 mAh Power Bank (Fast Charging, 18W)" src="https://rukminim1.flixcart.com/image/612/612/kfcv6vk0/power-bank/q/z/q/power-bank-10000-plm13zm-mi-original-imafvtreeefx5thb.jpeg?q=70">
  (Session info: chrome=110.0.5481.104)
Build info: version: '3.141.59', revision: 'e82be7d358', time: '2018-11-14T08:17:03'
System info: host: 'DESKTOP-R4J9CF0', ip: '192.168.78.64', os.name: 'Windows 10', os.arch: 'amd64', os.version: '10.0', java.version: '16.0.1'
Driver info: org.openqa.selenium.chrome.ChromeDriver
Capabilities {acceptInsecureCerts: false, browserName: chrome, browserVersion: 110.0.5481.104, chrome: {chromedriverVersion: 110.0.5481.77 (65ed616c6e8e..., userDataDir: C:\Users\91958\AppData\Loca...}, goog:chromeOptions: {debuggerAddress: localhost:54701}, javascriptEnabled: true, networkConnectionEnabled: false, pageLoadStrategy: normal, platform: WINDOWS, platformName: WINDOWS, proxy: Proxy(), setWindowRect: true, strictFileInteractability: false, timeouts: {implicit: 0, pageLoad: 300000, script: 30000}, unhandledPromptBehavior: dismiss and notify, webauthn:extension:credBlob: true, webauthn:extension:largeBlob: true, webauthn:virtualAuthenticators: true}
Session ID: 2e389fafdc8ec8d163552e407650decc
at java.base/jdk.internal.reflect.NativeConstructorAccessorImpl.newInstance0(Native Method)
at java.base/jdk.internal.reflect.NativeConstructorAccessorImpl.newInstance(NativeConstructorAccessorImpl.java:78)
at java.base/jdk.internal.reflect.DelegatingConstructorAccessorImpl.newInstance(DelegatingConstructorAccessorImpl.java:45)
at java.base/java.lang.reflect.Constructor.newInstanceWithCaller(Constructor.java:499)
at java.base/java.lang.reflect.Constructor.newInstance(Constructor.java:480)
at org.openqa.selenium.remote.http.W3CHttpResponseCodec.createException(W3CHttpResponseCodec.java:187)
at org.openqa.selenium.remote.http.W3CHttpResponseCodec.decode(W3CHttpResponseCodec.java:122)
at org.openqa.selenium.remote.http.W3CHttpResponseCodec.decode(W3CHttpResponseCodec.java:49)
at org.openqa.selenium.remote.HttpCommandExecutor.execute(HttpCommandExecutor.java:158)
at org.openqa.selenium.remote.service.DriverCommandExecutor.execute(DriverCommandExecutor.java:83)
at org.openqa.selenium.remote.RemoteWebDriver.execute(RemoteWebDriver.java:552)
at org.openqa.selenium.remote.RemoteWebElement.execute(RemoteWebElement.java:285)
at org.openqa.selenium.remote.RemoteWebElement.click(RemoteWebElement.java:84)
at java.base/jdk.internal.reflect.NativeMethodAccessorImpl.invoke0(Native Method)
at java.base/jdk.internal.reflect.NativeMethodAccessorImpl.invoke(NativeMethodAccessorImpl.java:78)
at java.base/jdk.internal.reflect.DelegatingMethodAccessorImpl.invoke(DelegatingMethodAccessorImpl.java:43)
at java.base/java.lang.reflect.Method.invoke(Method.java:567)
at org.openqa.selenium.support.pagefactory.internal.LocatingElementHandler.invoke(LocatingElementHandler.java:51)
at jdk.proxy2/jdk.proxy2.$Proxy11.click(Unknown Source)
at com.flipkart.ObjectRepository.HomePage.clickOnParticularMobile(HomePage.java:73)
at testscripts.Fetchtheallmobilesandprint.AddProductToTheCart(Fetchtheallmobilesandprint.java:17)
at java.base/jdk.internal.reflect.NativeMethodAccessorImpl.invoke0(Native Method)
at java.base/jdk.internal.reflect.NativeMethodAccessorImpl.invoke(NativeMethodAccessorImpl.java:78)
at java.base/jdk.internal.reflect.DelegatingMethodAccessorImpl.invoke(DelegatingMethodAccessorImpl.java:43)
at java.base/java.lang.reflect.Method.invoke(Method.java:567)
at org.testng.internal.MethodInvocationHelper.invokeMethod(MethodInvocationHelper.java:124)
at org.testng.internal.Invoker.invokeMethod(Invoker.java:583)
at org.testng.internal.Invoker.invokeTestMethod(Invoker.java:719)
at org.testng.internal.Invoker.invokeTestMethods(Invoker.java:989)
at org.testng.internal.TestMethodWorker.invokeTestMethods(TestMethodWorker.java:125)
at org.testng.internal.TestMethodWorker.run(TestMethodWorker.java:109)
at org.testng.TestRunner.privateRun(TestRunner.java:648)
at org.testng.TestRunner.run(TestRunner.java:505)
at org.testng.SuiteRunner.runTest(SuiteRunner.java:455)
at org.testng.SuiteRunner.runSequentially(SuiteRunner.java:450)
at org.testng.SuiteRunner.privateRun(SuiteRunner.java:415)
at org.testng.SuiteRunner.run(SuiteRunner.java:364)
at org.testng.SuiteRunnerWorker.runSuite(SuiteRunnerWorker.java:52)
at org.testng.SuiteRunnerWorker.run(SuiteRunnerWorker.java:84)
at org.testng.TestNG.runSuitesSequentially(TestNG.java:1208)
at org.testng.TestNG.runSuitesLocally(TestNG.java:1137)
at org.testng.TestNG.runSuites(TestNG.java:1049)
at org.testng.TestNG.run(TestNG.java:1017)
at org.testng.remote.AbstractRemoteTestNG.run(AbstractRemoteTestNG.java:115)
at org.testng.remote.RemoteTestNG.initAndRun(RemoteTestNG.java:251)
at org.testng.remote.RemoteTestNG.main(RemoteTestNG.java:77)
]]>
            </full-stacktrace>
          </exception> <!-- org.openqa.selenium.ElementClickInterceptedException -->
          <reporter-output>
          </reporter-output>
        </test-method> <!-- AddProductToTheCart -->
      </class> <!-- testscripts.Fetchtheallmobilesandprint -->
    </test> <!-- Default test -->
  </suite> <!-- Default suite -->
</testng-results>
